{"/home/zenith/Documents/search-api-with-ts/src/middleware/apiDocs.ts": {"path":"/home/zenith/Documents/search-api-with-ts/src/middleware/apiDocs.ts","statementMap":{"0":{"start":{"line":2,"column":0},"end":{"line":2,"column":43}},"1":{"start":{"line":3,"column":0},"end":{"line":3,"column":53}},"2":{"start":{"line":5,"column":29},"end":{"line":6,"column":71}},"3":{"start":{"line":6,"column":2},"end":{"line":6,"column":71}},"4":{"start":{"line":5,"column":13},"end":{"line":5,"column":29}}},"fnMap":{"0":{"name":"(anonymous_1)","decl":{"start":{"line":5,"column":29},"end":{"line":5,"column":30}},"loc":{"start":{"line":6,"column":2},"end":{"line":6,"column":71}}}},"branchMap":{},"s":{"0":1,"1":1,"2":1,"3":3,"4":1},"f":{"0":3},"b":{}}
,"/home/zenith/Documents/search-api-with-ts/src/middleware/checks.ts": {"path":"/home/zenith/Documents/search-api-with-ts/src/middleware/checks.ts","statementMap":{"0":{"start":{"line":2,"column":0},"end":{"line":2,"column":51}},"1":{"start":{"line":4,"column":33},"end":{"line":14,"column":1}},"2":{"start":{"line":9,"column":2},"end":{"line":13,"column":null}},"3":{"start":{"line":10,"column":4},"end":{"line":10,"column":50}},"4":{"start":{"line":12,"column":4},"end":{"line":12,"column":11}},"5":{"start":{"line":4,"column":13},"end":{"line":4,"column":33}}},"fnMap":{"0":{"name":"(anonymous_0)","decl":{"start":{"line":4,"column":33},"end":{"line":4,"column":null}},"loc":{"start":{"line":8,"column":4},"end":{"line":14,"column":1}}}},"branchMap":{"0":{"loc":{"start":{"line":9,"column":2},"end":{"line":13,"column":null}},"type":"if","locations":[{"start":{"line":9,"column":2},"end":{"line":13,"column":null}},{"start":{"line":9,"column":2},"end":{"line":13,"column":null}}]}},"s":{"0":1,"1":1,"2":0,"3":0,"4":0,"5":1},"f":{"0":0},"b":{"0":[0,0]}}
,"/home/zenith/Documents/search-api-with-ts/src/middleware/common.ts": {"path":"/home/zenith/Documents/search-api-with-ts/src/middleware/common.ts","statementMap":{"0":{"start":{"line":5,"column":0},"end":{"line":5,"column":24}},"1":{"start":{"line":6,"column":0},"end":{"line":6,"column":33}},"2":{"start":{"line":7,"column":0},"end":{"line":7,"column":38}},"3":{"start":{"line":9,"column":26},"end":{"line":10,"column":55}},"4":{"start":{"line":10,"column":2},"end":{"line":10,"column":55}},"5":{"start":{"line":9,"column":13},"end":{"line":9,"column":26}},"6":{"start":{"line":12,"column":40},"end":{"line":15,"column":1}},"7":{"start":{"line":13,"column":2},"end":{"line":13,"column":52}},"8":{"start":{"line":14,"column":2},"end":{"line":14,"column":28}},"9":{"start":{"line":12,"column":13},"end":{"line":12,"column":40}},"10":{"start":{"line":17,"column":33},"end":{"line":19,"column":1}},"11":{"start":{"line":18,"column":2},"end":{"line":18,"column":28}},"12":{"start":{"line":17,"column":13},"end":{"line":17,"column":33}}},"fnMap":{"0":{"name":"(anonymous_1)","decl":{"start":{"line":9,"column":26},"end":{"line":9,"column":27}},"loc":{"start":{"line":10,"column":2},"end":{"line":10,"column":55}}},"1":{"name":"(anonymous_2)","decl":{"start":{"line":12,"column":40},"end":{"line":12,"column":41}},"loc":{"start":{"line":12,"column":59},"end":{"line":15,"column":1}}},"2":{"name":"(anonymous_3)","decl":{"start":{"line":17,"column":33},"end":{"line":17,"column":34}},"loc":{"start":{"line":17,"column":52},"end":{"line":19,"column":1}}}},"branchMap":{},"s":{"0":1,"1":1,"2":1,"3":1,"4":3,"5":1,"6":1,"7":3,"8":3,"9":1,"10":1,"11":3,"12":1},"f":{"0":3,"1":3,"2":3},"b":{}}
,"/home/zenith/Documents/search-api-with-ts/src/middleware/errorHandlers.ts": {"path":"/home/zenith/Documents/search-api-with-ts/src/middleware/errorHandlers.ts","statementMap":{"0":{"start":{"line":2,"column":0},"end":{"line":2,"column":54}},"1":{"start":{"line":9,"column":23},"end":{"line":13,"column":1}},"2":{"start":{"line":10,"column":2},"end":{"line":12,"column":5}},"3":{"start":{"line":11,"column":4},"end":{"line":11,"column":33}},"4":{"start":{"line":19,"column":26},"end":{"line":23,"column":1}},"5":{"start":{"line":20,"column":2},"end":{"line":22,"column":5}},"6":{"start":{"line":21,"column":4},"end":{"line":21,"column":45}},"7":{"start":{"line":29,"column":26},"end":{"line":33,"column":1}},"8":{"start":{"line":30,"column":2},"end":{"line":32,"column":5}},"9":{"start":{"line":31,"column":4},"end":{"line":31,"column":45}},"10":{"start":{"line":35,"column":0},"end":{"line":35,"column":70}}},"fnMap":{"0":{"name":"(anonymous_6)","decl":{"start":{"line":9,"column":23},"end":{"line":9,"column":24}},"loc":{"start":{"line":9,"column":42},"end":{"line":13,"column":1}}},"1":{"name":"(anonymous_7)","decl":{"start":{"line":10,"column":13},"end":{"line":10,"column":14}},"loc":{"start":{"line":10,"column":45},"end":{"line":12,"column":3}}},"2":{"name":"(anonymous_8)","decl":{"start":{"line":19,"column":26},"end":{"line":19,"column":27}},"loc":{"start":{"line":19,"column":45},"end":{"line":23,"column":1}}},"3":{"name":"(anonymous_9)","decl":{"start":{"line":20,"column":13},"end":{"line":20,"column":14}},"loc":{"start":{"line":20,"column":77},"end":{"line":22,"column":3}}},"4":{"name":"(anonymous_10)","decl":{"start":{"line":29,"column":26},"end":{"line":29,"column":27}},"loc":{"start":{"line":29,"column":45},"end":{"line":33,"column":1}}},"5":{"name":"(anonymous_11)","decl":{"start":{"line":30,"column":13},"end":{"line":30,"column":14}},"loc":{"start":{"line":30,"column":77},"end":{"line":32,"column":3}}}},"branchMap":{},"s":{"0":1,"1":1,"2":3,"3":0,"4":1,"5":3,"6":0,"7":1,"8":3,"9":0,"10":1},"f":{"0":3,"1":0,"2":3,"3":0,"4":3,"5":0},"b":{}}
,"/home/zenith/Documents/search-api-with-ts/src/middleware/index.ts": {"path":"/home/zenith/Documents/search-api-with-ts/src/middleware/index.ts","statementMap":{"0":{"start":{"line":4,"column":0},"end":{"line":4,"column":null}},"1":{"start":{"line":10,"column":0},"end":{"line":10,"column":42}},"2":{"start":{"line":12,"column":0},"end":{"line":17,"column":2}}},"fnMap":{},"branchMap":{},"s":{"0":1,"1":1,"2":1},"f":{},"b":{}}
,"/home/zenith/Documents/search-api-with-ts/src/services/search/SearchController.ts": {"path":"/home/zenith/Documents/search-api-with-ts/src/services/search/SearchController.ts","statementMap":{"0":{"start":{"line":1,"column":0},"end":{"line":1,"column":61}},"1":{"start":{"line":3,"column":31},"end":{"line":12,"column":2}},"2":{"start":{"line":3,"column":48},"end":{"line":12,"column":2}},"3":{"start":{"line":4,"column":2},"end":{"line":9,"column":null}},"4":{"start":{"line":5,"column":4},"end":{"line":8,"column":6}},"5":{"start":{"line":11,"column":2},"end":{"line":11,"column":28}},"6":{"start":{"line":3,"column":13},"end":{"line":3,"column":31}}},"fnMap":{"0":{"name":"(anonymous_7)","decl":{"start":{"line":3,"column":31},"end":{"line":3,"column":38}},"loc":{"start":{"line":3,"column":48},"end":{"line":12,"column":2}}},"1":{"name":"(anonymous_8)","decl":{"start":{"line":3,"column":48},"end":{"line":3,"column":null}},"loc":{"start":{"line":3,"column":48},"end":{"line":12,"column":1}}}},"branchMap":{"0":{"loc":{"start":{"line":4,"column":2},"end":{"line":9,"column":null}},"type":"if","locations":[{"start":{"line":4,"column":2},"end":{"line":9,"column":null}},{"start":{"line":4,"column":2},"end":{"line":9,"column":null}}]}},"s":{"0":1,"1":1,"2":0,"3":0,"4":0,"5":0,"6":1},"f":{"0":0,"1":0},"b":{"0":[0,0]}}
,"/home/zenith/Documents/search-api-with-ts/src/services/search/routes.ts": {"path":"/home/zenith/Documents/search-api-with-ts/src/services/search/routes.ts","statementMap":{"0":{"start":{"line":2,"column":0},"end":{"line":2,"column":53}},"1":{"start":{"line":3,"column":0},"end":{"line":3,"column":60}},"2":{"start":{"line":5,"column":0},"end":{"line":17,"column":2}},"3":{"start":{"line":11,"column":50},"end":{"line":14,"column":null}},"4":{"start":{"line":12,"column":23},"end":{"line":12,"column":53}},"5":{"start":{"line":13,"column":8},"end":{"line":13,"column":37}}},"fnMap":{"0":{"name":"(anonymous_7)","decl":{"start":{"line":11,"column":6},"end":{"line":11,"column":13}},"loc":{"start":{"line":11,"column":50},"end":{"line":14,"column":null}}},"1":{"name":"(anonymous_8)","decl":{"start":{"line":11,"column":50},"end":{"line":11,"column":null}},"loc":{"start":{"line":11,"column":50},"end":{"line":14,"column":7}}}},"branchMap":{},"s":{"0":1,"1":1,"2":1,"3":0,"4":0,"5":0},"f":{"0":0,"1":0},"b":{}}
,"/home/zenith/Documents/search-api-with-ts/src/services/search/providers/OpenCageDataProvider.ts": {"path":"/home/zenith/Documents/search-api-with-ts/src/services/search/providers/OpenCageDataProvider.ts","statementMap":{"0":{"start":{"line":1,"column":0},"end":{"line":1,"column":38}},"1":{"start":{"line":2,"column":0},"end":{"line":2,"column":28}},"2":{"start":{"line":4,"column":0},"end":{"line":4,"column":16}},"3":{"start":{"line":6,"column":25},"end":{"line":11,"column":2}},"4":{"start":{"line":6,"column":49},"end":{"line":11,"column":2}},"5":{"start":{"line":7,"column":14},"end":{"line":7,"column":44}},"6":{"start":{"line":8,"column":14},"end":{"line":8,"column":111}},"7":{"start":{"line":9,"column":19},"end":{"line":9,"column":37}},"8":{"start":{"line":10,"column":2},"end":{"line":10,"column":30}},"9":{"start":{"line":6,"column":13},"end":{"line":6,"column":25}}},"fnMap":{"0":{"name":"(anonymous_8)","decl":{"start":{"line":6,"column":25},"end":{"line":6,"column":32}},"loc":{"start":{"line":6,"column":49},"end":{"line":11,"column":2}}},"1":{"name":"(anonymous_9)","decl":{"start":{"line":6,"column":49},"end":{"line":6,"column":null}},"loc":{"start":{"line":6,"column":49},"end":{"line":11,"column":1}}}},"branchMap":{},"s":{"0":2,"1":2,"2":2,"3":2,"4":2,"5":2,"6":2,"7":2,"8":2,"9":2},"f":{"0":2,"1":2},"b":{}}
,"/home/zenith/Documents/search-api-with-ts/src/utils/ErrorHandler.ts": {"path":"/home/zenith/Documents/search-api-with-ts/src/utils/ErrorHandler.ts","statementMap":{"0":{"start":{"line":2,"column":0},"end":{"line":2,"column":68}},"1":{"start":{"line":4,"column":29},"end":{"line":6,"column":1}},"2":{"start":{"line":5,"column":2},"end":{"line":5,"column":46}},"3":{"start":{"line":4,"column":13},"end":{"line":4,"column":29}},"4":{"start":{"line":8,"column":27},"end":{"line":15,"column":1}},"5":{"start":{"line":9,"column":2},"end":{"line":14,"column":null}},"6":{"start":{"line":10,"column":4},"end":{"line":10,"column":22}},"7":{"start":{"line":11,"column":4},"end":{"line":11,"column":49}},"8":{"start":{"line":13,"column":4},"end":{"line":13,"column":14}},"9":{"start":{"line":8,"column":13},"end":{"line":8,"column":27}},"10":{"start":{"line":17,"column":27},"end":{"line":24,"column":1}},"11":{"start":{"line":18,"column":2},"end":{"line":18,"column":21}},"12":{"start":{"line":19,"column":2},"end":{"line":23,"column":null}},"13":{"start":{"line":20,"column":4},"end":{"line":20,"column":50}},"14":{"start":{"line":22,"column":4},"end":{"line":22,"column":36}},"15":{"start":{"line":17,"column":13},"end":{"line":17,"column":27}}},"fnMap":{"0":{"name":"(anonymous_0)","decl":{"start":{"line":4,"column":29},"end":{"line":4,"column":32}},"loc":{"start":{"line":4,"column":34},"end":{"line":6,"column":1}}},"1":{"name":"(anonymous_1)","decl":{"start":{"line":8,"column":27},"end":{"line":8,"column":28}},"loc":{"start":{"line":8,"column":77},"end":{"line":15,"column":1}}},"2":{"name":"(anonymous_2)","decl":{"start":{"line":17,"column":27},"end":{"line":17,"column":28}},"loc":{"start":{"line":17,"column":77},"end":{"line":24,"column":1}}}},"branchMap":{"0":{"loc":{"start":{"line":9,"column":2},"end":{"line":14,"column":null}},"type":"if","locations":[{"start":{"line":9,"column":2},"end":{"line":14,"column":null}},{"start":{"line":9,"column":2},"end":{"line":14,"column":null}}]},"1":{"loc":{"start":{"line":19,"column":2},"end":{"line":23,"column":null}},"type":"if","locations":[{"start":{"line":19,"column":2},"end":{"line":23,"column":null}},{"start":{"line":19,"column":2},"end":{"line":23,"column":null}}]}},"s":{"0":1,"1":1,"2":0,"3":1,"4":1,"5":0,"6":0,"7":0,"8":0,"9":1,"10":1,"11":0,"12":0,"13":0,"14":0,"15":1},"f":{"0":0,"1":0,"2":0},"b":{"0":[0,0],"1":[0,0]}}
,"/home/zenith/Documents/search-api-with-ts/src/utils/httpErrors.ts": {"path":"/home/zenith/Documents/search-api-with-ts/src/utils/httpErrors.ts","statementMap":{"0":{"start":{"line":6,"column":4},"end":{"line":10,"column":null}},"1":{"start":{"line":7,"column":6},"end":{"line":7,"column":37}},"2":{"start":{"line":9,"column":6},"end":{"line":9,"column":21}},"3":{"start":{"line":11,"column":4},"end":{"line":11,"column":38}},"4":{"start":{"line":12,"column":4},"end":{"line":12,"column":52}},"5":{"start":{"line":1,"column":0},"end":{"line":1,"column":22}},"6":{"start":{"line":20,"column":4},"end":{"line":20,"column":19}},"7":{"start":{"line":17,"column":11},"end":{"line":17,"column":28}},"8":{"start":{"line":16,"column":0},"end":{"line":16,"column":13}},"9":{"start":{"line":28,"column":4},"end":{"line":28,"column":19}},"10":{"start":{"line":25,"column":11},"end":{"line":25,"column":28}},"11":{"start":{"line":24,"column":0},"end":{"line":24,"column":13}},"12":{"start":{"line":36,"column":4},"end":{"line":36,"column":19}},"13":{"start":{"line":33,"column":11},"end":{"line":33,"column":28}},"14":{"start":{"line":32,"column":0},"end":{"line":32,"column":13}},"15":{"start":{"line":44,"column":4},"end":{"line":44,"column":19}},"16":{"start":{"line":41,"column":11},"end":{"line":41,"column":28}},"17":{"start":{"line":40,"column":0},"end":{"line":40,"column":13}}},"fnMap":{"0":{"name":"(anonymous_0)","decl":{"start":{"line":5,"column":2},"end":{"line":5,"column":14}},"loc":{"start":{"line":5,"column":38},"end":{"line":13,"column":3}}},"1":{"name":"(anonymous_1)","decl":{"start":{"line":19,"column":2},"end":{"line":19,"column":14}},"loc":{"start":{"line":19,"column":54},"end":{"line":21,"column":3}}},"2":{"name":"(anonymous_2)","decl":{"start":{"line":27,"column":2},"end":{"line":27,"column":14}},"loc":{"start":{"line":27,"column":55},"end":{"line":29,"column":3}}},"3":{"name":"(anonymous_3)","decl":{"start":{"line":35,"column":2},"end":{"line":35,"column":14}},"loc":{"start":{"line":35,"column":52},"end":{"line":37,"column":3}}},"4":{"name":"(anonymous_4)","decl":{"start":{"line":43,"column":2},"end":{"line":43,"column":14}},"loc":{"start":{"line":43,"column":52},"end":{"line":45,"column":3}}}},"branchMap":{"0":{"loc":{"start":{"line":6,"column":4},"end":{"line":10,"column":null}},"type":"if","locations":[{"start":{"line":6,"column":4},"end":{"line":10,"column":null}},{"start":{"line":6,"column":4},"end":{"line":10,"column":null}}]},"1":{"loc":{"start":{"line":19,"column":41},"end":{"line":19,"column":54}},"type":"default-arg","locations":[{"start":{"line":19,"column":41},"end":{"line":19,"column":54}}]},"2":{"loc":{"start":{"line":27,"column":41},"end":{"line":27,"column":55}},"type":"default-arg","locations":[{"start":{"line":27,"column":41},"end":{"line":27,"column":55}}]},"3":{"loc":{"start":{"line":35,"column":41},"end":{"line":35,"column":52}},"type":"default-arg","locations":[{"start":{"line":35,"column":41},"end":{"line":35,"column":52}}]},"4":{"loc":{"start":{"line":43,"column":41},"end":{"line":43,"column":52}},"type":"default-arg","locations":[{"start":{"line":43,"column":41},"end":{"line":43,"column":52}}]}},"s":{"0":0,"1":0,"2":0,"3":0,"4":0,"5":1,"6":0,"7":0,"8":1,"9":0,"10":0,"11":1,"12":0,"13":0,"14":1,"15":0,"16":0,"17":1},"f":{"0":0,"1":0,"2":0,"3":0,"4":0},"b":{"0":[0,0],"1":[0],"2":[0],"3":[0],"4":[0]}}
,"/home/zenith/Documents/search-api-with-ts/src/utils/index.ts": {"path":"/home/zenith/Documents/search-api-with-ts/src/utils/index.ts","statementMap":{"0":{"start":{"line":13,"column":31},"end":{"line":20,"column":1}},"1":{"start":{"line":17,"column":2},"end":{"line":19,"column":null}},"2":{"start":{"line":18,"column":4},"end":{"line":18,"column":20}},"3":{"start":{"line":13,"column":13},"end":{"line":13,"column":31}},"4":{"start":{"line":34,"column":27},"end":{"line":39,"column":1}},"5":{"start":{"line":35,"column":2},"end":{"line":38,"column":null}},"6":{"start":{"line":36,"column":38},"end":{"line":36,"column":43}},"7":{"start":{"line":37,"column":5},"end":{"line":37,"column":43}},"8":{"start":{"line":34,"column":13},"end":{"line":34,"column":27}}},"fnMap":{"0":{"name":"(anonymous_0)","decl":{"start":{"line":13,"column":31},"end":{"line":13,"column":null}},"loc":{"start":{"line":16,"column":4},"end":{"line":20,"column":1}}},"1":{"name":"(anonymous_1)","decl":{"start":{"line":34,"column":27},"end":{"line":34,"column":28}},"loc":{"start":{"line":34,"column":63},"end":{"line":39,"column":1}}}},"branchMap":{},"s":{"0":1,"1":6,"2":21,"3":1,"4":1,"5":3,"6":3,"7":3,"8":1},"f":{"0":6,"1":3},"b":{}}
}
